Flow report for lights
Mon Apr 06 20:22:04 2026
Quartus II 64-Bit Version 13.0.1 Build 232 06/12/2013 Service Pack 1 SJ Web Edition


---------------------
; Table of Contents ;
---------------------
  1. Legal Notice
  2. Flow Summary
  3. Flow Settings
  4. Flow Non-Default Global Settings
  5. Flow Elapsed Time
  6. Flow OS Summary
  7. Flow Log
  8. Flow Messages
  9. Flow Suppressed Messages



----------------
; Legal Notice ;
----------------
Copyright (C) 1991-2013 Altera Corporation
Your use of Altera Corporation's design tools, logic functions 
and other software and tools, and its AMPP partner logic 
functions, and any output files from any of the foregoing 
(including device programming or simulation files), and any 
associated documentation or information are expressly subject 
to the terms and conditions of the Altera Program License 
Subscription Agreement, Altera MegaCore Function License 
Agreement, or other applicable license agreement, including, 
without limitation, that your use is for the sole purpose of 
programming logic devices manufactured by Altera and sold by 
Altera or its authorized distributors.  Please refer to the 
applicable agreement for further details.



+--------------------------------------------------------------------------------------+
; Flow Summary                                                                         ;
+------------------------------------+-------------------------------------------------+
; Flow Status                        ; Successful - Mon Apr 06 20:21:57 2026           ;
; Quartus II 64-Bit Version          ; 13.0.1 Build 232 06/12/2013 SP 1 SJ Web Edition ;
; Revision Name                      ; lights                                          ;
; Top-level Entity Name              ; lights                                          ;
; Family                             ; Cyclone IV E                                    ;
; Device                             ; EP4CE22F17C6                                    ;
; Timing Models                      ; Final                                           ;
; Total logic elements               ; 2,376 / 22,320 ( 11 % )                         ;
;     Total combinational functions  ; 2,168 / 22,320 ( 10 % )                         ;
;     Dedicated logic registers      ; 1,441 / 22,320 ( 6 % )                          ;
; Total registers                    ; 1510                                            ;
; Total pins                         ; 57 / 154 ( 37 % )                               ;
; Total virtual pins                 ; 0                                               ;
; Total memory bits                  ; 44,032 / 608,256 ( 7 % )                        ;
; Embedded Multiplier 9-bit elements ; 0 / 132 ( 0 % )                                 ;
; Total PLLs                         ; 1 / 4 ( 25 % )                                  ;
+------------------------------------+-------------------------------------------------+


+-----------------------------------------+
; Flow Settings                           ;
+-------------------+---------------------+
; Option            ; Setting             ;
+-------------------+---------------------+
; Start date & time ; 04/06/2026 20:20:59 ;
; Main task         ; Compilation         ;
; Revision Name     ; lights              ;
+-------------------+---------------------+


+--------------------------------------------------------------------------------------------------------------------------------------------------------------------+
; Flow Non-Default Global Settings                                                                                                                                   ;
+-------------------------------------+---------------------------------------------------------------+---------------+---------------------------------+------------+
; Assignment Name                     ; Value                                                         ; Default Value ; Entity Name                     ; Section Id ;
+-------------------------------------+---------------------------------------------------------------+---------------+---------------------------------+------------+
; COMPILER_SIGNATURE_ID               ; 45015787157535.177549965913060                                ; --            ; --                              ; --         ;
; IP_TOOL_ENV                         ; Qsys                                                          ; --            ; altera_avalon_sc_fifo           ; --         ;
; IP_TOOL_ENV                         ; Qsys                                                          ; --            ; altera_merlin_burst_adapter     ; --         ;
; IP_TOOL_ENV                         ; Qsys                                                          ; --            ; altera_merlin_master_agent      ; --         ;
; IP_TOOL_ENV                         ; Qsys                                                          ; --            ; altera_merlin_master_translator ; --         ;
; IP_TOOL_ENV                         ; Qsys                                                          ; --            ; altera_merlin_slave_agent       ; --         ;
; IP_TOOL_ENV                         ; Qsys                                                          ; --            ; altera_merlin_slave_translator  ; --         ;
; IP_TOOL_ENV                         ; Qsys                                                          ; --            ; altera_merlin_width_adapter     ; --         ;
; IP_TOOL_ENV                         ; Qsys                                                          ; --            ; altera_reset_controller         ; --         ;
; IP_TOOL_ENV                         ; Qsys                                                          ; --            ; nios_system                     ; --         ;
; IP_TOOL_ENV                         ; Qsys                                                          ; --            ; nios_system_LEDs                ; --         ;
; IP_TOOL_ENV                         ; Qsys                                                          ; --            ; nios_system_addr_router         ; --         ;
; IP_TOOL_ENV                         ; Qsys                                                          ; --            ; nios_system_addr_router_001     ; --         ;
; IP_TOOL_ENV                         ; Qsys                                                          ; --            ; nios_system_cmd_xbar_demux      ; --         ;
; IP_TOOL_ENV                         ; Qsys                                                          ; --            ; nios_system_cmd_xbar_demux_001  ; --         ;
; IP_TOOL_ENV                         ; Qsys                                                          ; --            ; nios_system_cmd_xbar_mux        ; --         ;
; IP_TOOL_ENV                         ; Qsys                                                          ; --            ; nios_system_id_router           ; --         ;
; IP_TOOL_ENV                         ; Qsys                                                          ; --            ; nios_system_id_router_002       ; --         ;
; IP_TOOL_ENV                         ; Qsys                                                          ; --            ; nios_system_id_router_003       ; --         ;
; IP_TOOL_ENV                         ; Qsys                                                          ; --            ; nios_system_irq_mapper          ; --         ;
; IP_TOOL_ENV                         ; Qsys                                                          ; --            ; nios_system_jtag_uart           ; --         ;
; IP_TOOL_ENV                         ; Qsys                                                          ; --            ; nios_system_nios2_processor     ; --         ;
; IP_TOOL_ENV                         ; Qsys                                                          ; --            ; nios_system_onchip_memory2      ; --         ;
; IP_TOOL_ENV                         ; Qsys                                                          ; --            ; nios_system_rsp_xbar_demux      ; --         ;
; IP_TOOL_ENV                         ; Qsys                                                          ; --            ; nios_system_rsp_xbar_demux_003  ; --         ;
; IP_TOOL_ENV                         ; Qsys                                                          ; --            ; nios_system_rsp_xbar_mux        ; --         ;
; IP_TOOL_ENV                         ; Qsys                                                          ; --            ; nios_system_rsp_xbar_mux_001    ; --         ;
; IP_TOOL_ENV                         ; Qsys                                                          ; --            ; nios_system_sdram               ; --         ;
; IP_TOOL_ENV                         ; Qsys                                                          ; --            ; nios_system_switches            ; --         ;
; IP_TOOL_NAME                        ; altera_avalon_sc_fifo                                         ; --            ; altera_avalon_sc_fifo           ; --         ;
; IP_TOOL_NAME                        ; altera_merlin_burst_adapter                                   ; --            ; altera_merlin_burst_adapter     ; --         ;
; IP_TOOL_NAME                        ; altera_merlin_master_agent                                    ; --            ; altera_merlin_master_agent      ; --         ;
; IP_TOOL_NAME                        ; altera_merlin_master_translator                               ; --            ; altera_merlin_master_translator ; --         ;
; IP_TOOL_NAME                        ; altera_merlin_slave_agent                                     ; --            ; altera_merlin_slave_agent       ; --         ;
; IP_TOOL_NAME                        ; altera_merlin_slave_translator                                ; --            ; altera_merlin_slave_translator  ; --         ;
; IP_TOOL_NAME                        ; altera_merlin_width_adapter                                   ; --            ; altera_merlin_width_adapter     ; --         ;
; IP_TOOL_NAME                        ; altera_reset_controller                                       ; --            ; altera_reset_controller         ; --         ;
; IP_TOOL_NAME                        ; Qsys                                                          ; --            ; nios_system                     ; --         ;
; IP_TOOL_NAME                        ; altera_avalon_pio                                             ; --            ; nios_system_LEDs                ; --         ;
; IP_TOOL_NAME                        ; altera_merlin_router                                          ; --            ; nios_system_addr_router         ; --         ;
; IP_TOOL_NAME                        ; altera_merlin_router                                          ; --            ; nios_system_addr_router_001     ; --         ;
; IP_TOOL_NAME                        ; altera_merlin_demultiplexer                                   ; --            ; nios_system_cmd_xbar_demux      ; --         ;
; IP_TOOL_NAME                        ; altera_merlin_demultiplexer                                   ; --            ; nios_system_cmd_xbar_demux_001  ; --         ;
; IP_TOOL_NAME                        ; altera_merlin_multiplexer                                     ; --            ; nios_system_cmd_xbar_mux        ; --         ;
; IP_TOOL_NAME                        ; altera_merlin_router                                          ; --            ; nios_system_id_router           ; --         ;
; IP_TOOL_NAME                        ; altera_merlin_router                                          ; --            ; nios_system_id_router_002       ; --         ;
; IP_TOOL_NAME                        ; altera_merlin_router                                          ; --            ; nios_system_id_router_003       ; --         ;
; IP_TOOL_NAME                        ; altera_irq_mapper                                             ; --            ; nios_system_irq_mapper          ; --         ;
; IP_TOOL_NAME                        ; altera_avalon_jtag_uart                                       ; --            ; nios_system_jtag_uart           ; --         ;
; IP_TOOL_NAME                        ; altera_nios2_qsys                                             ; --            ; nios_system_nios2_processor     ; --         ;
; IP_TOOL_NAME                        ; altera_avalon_onchip_memory2                                  ; --            ; nios_system_onchip_memory2      ; --         ;
; IP_TOOL_NAME                        ; altera_merlin_demultiplexer                                   ; --            ; nios_system_rsp_xbar_demux      ; --         ;
; IP_TOOL_NAME                        ; altera_merlin_demultiplexer                                   ; --            ; nios_system_rsp_xbar_demux_003  ; --         ;
; IP_TOOL_NAME                        ; altera_merlin_multiplexer                                     ; --            ; nios_system_rsp_xbar_mux        ; --         ;
; IP_TOOL_NAME                        ; altera_merlin_multiplexer                                     ; --            ; nios_system_rsp_xbar_mux_001    ; --         ;
; IP_TOOL_NAME                        ; altera_avalon_new_sdram_controller                            ; --            ; nios_system_sdram               ; --         ;
; IP_TOOL_NAME                        ; altera_avalon_pio                                             ; --            ; nios_system_switches            ; --         ;
; IP_TOOL_VERSION                     ; 13.0                                                          ; --            ; altera_avalon_sc_fifo           ; --         ;
; IP_TOOL_VERSION                     ; 13.0                                                          ; --            ; altera_merlin_burst_adapter     ; --         ;
; IP_TOOL_VERSION                     ; 13.0                                                          ; --            ; altera_merlin_master_agent      ; --         ;
; IP_TOOL_VERSION                     ; 13.0                                                          ; --            ; altera_merlin_master_translator ; --         ;
; IP_TOOL_VERSION                     ; 13.0                                                          ; --            ; altera_merlin_slave_agent       ; --         ;
; IP_TOOL_VERSION                     ; 13.0                                                          ; --            ; altera_merlin_slave_translator  ; --         ;
; IP_TOOL_VERSION                     ; 13.0                                                          ; --            ; altera_merlin_width_adapter     ; --         ;
; IP_TOOL_VERSION                     ; 13.0                                                          ; --            ; altera_reset_controller         ; --         ;
; IP_TOOL_VERSION                     ; 13.0sp1                                                       ; --            ; nios_system                     ; --         ;
; IP_TOOL_VERSION                     ; 13.0.1.99.2                                                   ; --            ; nios_system_LEDs                ; --         ;
; IP_TOOL_VERSION                     ; 13.0                                                          ; --            ; nios_system_addr_router         ; --         ;
; IP_TOOL_VERSION                     ; 13.0                                                          ; --            ; nios_system_addr_router_001     ; --         ;
; IP_TOOL_VERSION                     ; 13.0                                                          ; --            ; nios_system_cmd_xbar_demux      ; --         ;
; IP_TOOL_VERSION                     ; 13.0                                                          ; --            ; nios_system_cmd_xbar_demux_001  ; --         ;
; IP_TOOL_VERSION                     ; 13.0                                                          ; --            ; nios_system_cmd_xbar_mux        ; --         ;
; IP_TOOL_VERSION                     ; 13.0                                                          ; --            ; nios_system_id_router           ; --         ;
; IP_TOOL_VERSION                     ; 13.0                                                          ; --            ; nios_system_id_router_002       ; --         ;
; IP_TOOL_VERSION                     ; 13.0                                                          ; --            ; nios_system_id_router_003       ; --         ;
; IP_TOOL_VERSION                     ; 13.0                                                          ; --            ; nios_system_irq_mapper          ; --         ;
; IP_TOOL_VERSION                     ; 13.0.1.99.2                                                   ; --            ; nios_system_jtag_uart           ; --         ;
; IP_TOOL_VERSION                     ; 13.0                                                          ; --            ; nios_system_nios2_processor     ; --         ;
; IP_TOOL_VERSION                     ; 13.0.1.99.2                                                   ; --            ; nios_system_onchip_memory2      ; --         ;
; IP_TOOL_VERSION                     ; 13.0                                                          ; --            ; nios_system_rsp_xbar_demux      ; --         ;
; IP_TOOL_VERSION                     ; 13.0                                                          ; --            ; nios_system_rsp_xbar_demux_003  ; --         ;
; IP_TOOL_VERSION                     ; 13.0                                                          ; --            ; nios_system_rsp_xbar_mux        ; --         ;
; IP_TOOL_VERSION                     ; 13.0                                                          ; --            ; nios_system_rsp_xbar_mux_001    ; --         ;
; IP_TOOL_VERSION                     ; 13.0.1.99.2                                                   ; --            ; nios_system_sdram               ; --         ;
; IP_TOOL_VERSION                     ; 13.0.1.99.2                                                   ; --            ; nios_system_switches            ; --         ;
; MAX_CORE_JUNCTION_TEMP              ; 85                                                            ; --            ; --                              ; --         ;
; MIN_CORE_JUNCTION_TEMP              ; 0                                                             ; --            ; --                              ; --         ;
; MISC_FILE                           ; nios_system/synthesis/../../nios_system.cmp                   ; --            ; --                              ; --         ;
; MISC_FILE                           ; nios_system/synthesis/../../nios_system.qsys                  ; --            ; --                              ; --         ;
; PARTITION_COLOR                     ; 16764057                                                      ; --            ; --                              ; Top        ;
; PARTITION_FITTER_PRESERVATION_LEVEL ; PLACEMENT_AND_ROUTING                                         ; --            ; --                              ; Top        ;
; PARTITION_NETLIST_TYPE              ; SOURCE                                                        ; --            ; --                              ; Top        ;
; PROJECT_OUTPUT_DIRECTORY            ; output_files                                                  ; --            ; --                              ; --         ;
; SLD_INFO                            ; QSYS_NAME nios_system HAS_SOPCINFO 1 GENERATION_ID 1775499104 ; --            ; nios_system                     ; --         ;
; SOPCINFO_FILE                       ; nios_system/synthesis/../../nios_system.sopcinfo              ; --            ; --                              ; --         ;
; SYNTHESIS_ONLY_QIP                  ; On                                                            ; --            ; --                              ; --         ;
+-------------------------------------+---------------------------------------------------------------+---------------+---------------------------------+------------+


+-------------------------------------------------------------------------------------------------------------------------------+
; Flow Elapsed Time                                                                                                             ;
+---------------------------+--------------+-------------------------+---------------------+------------------------------------+
; Module Name               ; Elapsed Time ; Average Processors Used ; Peak Virtual Memory ; Total CPU Time (on all processors) ;
+---------------------------+--------------+-------------------------+---------------------+------------------------------------+
; Analysis & Synthesis      ; 00:00:25     ; 1.0                     ; 4737 MB             ; 00:00:21                           ;
; Fitter                    ; 00:00:25     ; 1.0                     ; 4961 MB             ; 00:00:19                           ;
; Assembler                 ; 00:00:02     ; 1.0                     ; 4559 MB             ; 00:00:02                           ;
; TimeQuest Timing Analyzer ; 00:00:06     ; 1.0                     ; 4663 MB             ; 00:00:05                           ;
; Total                     ; 00:00:58     ; --                      ; --                  ; 00:00:47                           ;
+---------------------------+--------------+-------------------------+---------------------+------------------------------------+


+----------------------------------------------------------------------------------------+
; Flow OS Summary                                                                        ;
+---------------------------+------------------+-----------+------------+----------------+
; Module Name               ; Machine Hostname ; OS Name   ; OS Version ; Processor type ;
+---------------------------+------------------+-----------+------------+----------------+
; Analysis & Synthesis      ; LAPTOP-DELL      ; Windows 7 ; 6.2        ; x86_64         ;
; Fitter                    ; LAPTOP-DELL      ; Windows 7 ; 6.2        ; x86_64         ;
; Assembler                 ; LAPTOP-DELL      ; Windows 7 ; 6.2        ; x86_64         ;
; TimeQuest Timing Analyzer ; LAPTOP-DELL      ; Windows 7 ; 6.2        ; x86_64         ;
+---------------------------+------------------+-----------+------------+----------------+


------------
; Flow Log ;
------------
quartus_map --read_settings_files=on --write_settings_files=off lights -c lights
quartus_fit --read_settings_files=off --write_settings_files=off lights -c lights
quartus_asm --read_settings_files=off --write_settings_files=off lights -c lights
quartus_sta lights -c lights



